<?xml version="1.0" encoding="UTF-8"?>
<!-- Generated by org.testng.reporters.JUnitXMLReporter -->
<testsuite hostname="DESKTOP-BLES2S6" ignored="0" name="Test" tests="4" failures="0" timestamp="2020-07-27T15:49:08 BST" time="0.032" errors="0">
  <testcase name="click" time="0.003" classname="selfimprovement.mavencourse.SeleniumTest"/>
  <testcase name="geturl" time="0.001" classname="selfimprovement.mavencourse.SeleniumTest"/>
  <testcase name="maximise" time="0.0" classname="selfimprovement.mavencourse.AppiumTest"/>
  <testcase name="tap" time="0.001" classname="selfimprovement.mavencourse.AppiumTest"/>
</testsuite> <!-- Test -->
