<?xml version="1.0" encoding="UTF-8"?>
<testsuite xmlns:xsi="http://www.w3.org/2001/XMLSchema-instance" xsi:noNamespaceSchemaLocation="https://maven.apache.org/surefire/maven-surefire-plugin/xsd/surefire-test-report-3.0.xsd" version="3.0" name="selfimprovement.mavencourse.AppiumTest" time="0.477" tests="2" errors="0" skipped="0" failures="0">
  <properties>
[...]
</properties>
  <testcase name="maximise" classname="selfimprovement.mavencourse.AppiumTest" time="0.007">
    <system-out><![CDATA[Maximise url in Appium testcase
]]></system-out>
  </testcase>
  <testcase name="tap" classname="selfimprovement.mavencourse.AppiumTest" time="0.002">
    <system-out><![CDATA[Tapping in Appium testcase
]]></system-out>
  </testcase>
</testsuite>