<?xml version="1.0" encoding="UTF-8"?>
<testng-results skipped="0" failed="0" ignored="0" total="2" passed="2">
  <reporter-output>
  </reporter-output>
  <suite name="Suite" duration-ms="49" started-at="2020-08-08T22:48:52 BST" finished-at="2020-08-08T22:48:52 BST">
    <groups>
    </groups>
    <test name="Test" duration-ms="49" started-at="2020-08-08T22:48:52 BST" finished-at="2020-08-08T22:48:52 BST">
      <class name="selfimprovement.mavencourse.TestTest1">
        <test-method status="PASS" signature="beforeTest()[pri:0, instance:selfimprovement.mavencourse.TestTest1@3b084709]" name="beforeTest" is-config="true" duration-ms="9" started-at="2020-08-08T22:48:52 BST" finished-at="2020-08-08T22:48:52 BST">
          <reporter-output>
          </reporter-output>
        </test-method> <!-- beforeTest -->
        <test-method status="PASS" signature="Test()[pri:0, instance:selfimprovement.mavencourse.TestTest1@3b084709]" name="Test" duration-ms="5" started-at="2020-08-08T22:48:52 BST" finished-at="2020-08-08T22:48:52 BST">
          <reporter-output>
          </reporter-output>
        </test-method> <!-- Test -->
        <test-method status="PASS" signature="Test2()[pri:0, instance:selfimprovement.mavencourse.TestTest1@3b084709]" name="Test2" duration-ms="1" started-at="2020-08-08T22:48:52 BST" finished-at="2020-08-08T22:48:52 BST">
          <reporter-output>
          </reporter-output>
        </test-method> <!-- Test2 -->
        <test-method status="PASS" signature="close()[pri:0, instance:selfimprovement.mavencourse.TestTest1@3b084709]" name="close" is-config="true" duration-ms="0" started-at="2020-08-08T22:48:52 BST" finished-at="2020-08-08T22:48:52 BST">
          <reporter-output>
          </reporter-output>
        </test-method> <!-- close -->
      </class> <!-- selfimprovement.mavencourse.TestTest1 -->
    </test> <!-- Test -->
  </suite> <!-- Suite -->
</testng-results>
